#-----------------------------------------------------------
# PlanAhead v14.7 (64-bit)
# Build 321239 by xbuild on Fri Sep 27 19:24:36 MDT 2013
# Start of session at: Tue Nov  8 17:14:08 2022
# Process ID: 5630
# Log file: /home/sd/Downloads/ula/planAhead_run_5/planAhead.log
# Journal file: /home/sd/Downloads/ula/planAhead_run_5/planAhead.jou
#-----------------------------------------------------------
INFO: [Common 17-78] Attempting to get a license: PlanAhead
INFO: [Common 17-290] Got license for PlanAhead
INFO: [Common 17-86] Your PlanAhead license expires in -1227 day(s)
INFO: [Device 21-36] Loading parts and site information from /opt/Xilinx/14.7/ISE_DS/PlanAhead/data/parts/arch.xml
Parsing RTL primitives file [/opt/Xilinx/14.7/ISE_DS/PlanAhead/data/parts/xilinx/rtl/prims/rtl_prims.xml]
Finished parsing RTL primitives file [/opt/Xilinx/14.7/ISE_DS/PlanAhead/data/parts/xilinx/rtl/prims/rtl_prims.xml]
start_gui
source /home/sd/Downloads/ula/pa.fromHdl.tcl
# create_project -name ula -dir "/home/sd/Downloads/ula/planAhead_run_5" -part xc3s700anfgg484-4
ERROR: [Common 17-53] User Exception: Project already exists on disk, please use '-force' option to overwrite: 
     /home/sd/Downloads/ula/planAhead_run_5/ula.ppr
     /home/sd/Downloads/ula/planAhead_run_5/ula.data

    while executing
"create_project -name ula -dir "/home/sd/Downloads/ula/planAhead_run_5" -part xc3s700anfgg484-4"
    (file "/home/sd/Downloads/ula/pa.fromHdl.tcl" line 4)
exit
INFO: [Common 17-206] Exiting PlanAhead at Tue Nov  8 17:14:23 2022...
INFO: [Common 17-83] Releasing license: PlanAhead
