--------------------------------------------------------------------------------
Release 14.7 Trace  (lin64)
Copyright (c) 1995-2013 Xilinx, Inc.  All rights reserved.

/opt/Xilinx/14.7/ISE_DS/ISE/bin/lin64/unwrapped/trce -intstyle ise -v 3 -s 4 -n
3 -fastpaths -xml ula.twx ula.ncd -o ula.twr ula.pcf -ucf ula.ucf

Design file:              ula.ncd
Physical constraint file: ula.pcf
Device,package,speed:     xc3s700an,fgg484,-4 (PRODUCTION 1.42 2013-10-13)
Report level:             verbose report

Environment Variable      Effect 
--------------------      ------ 
NONE                      No environment variables were set
--------------------------------------------------------------------------------

INFO:Timing:2698 - No timing constraints found, doing default enumeration.
INFO:Timing:3412 - To improve timing, see the Timing Closure User Guide (UG612).
INFO:Timing:2752 - To get complete path coverage, use the unconstrained paths 
   option. All paths that are not constrained will be reported in the 
   unconstrained paths section(s) of the report.
INFO:Timing:3339 - The clock-to-out numbers in this timing report are based on 
   a 50 Ohm transmission line loading model.  For the details of this model, 
   and for more information on accounting for different loading conditions, 
   please see the device datasheet.
INFO:Timing:3390 - This architecture does not support a default System Jitter 
   value, please add SYSTEM_JITTER constraint to the UCF to modify the Clock 
   Uncertainty calculation.
INFO:Timing:3389 - This architecture does not support 'Discrete Jitter' and 
   'Phase Error' calculations, these terms will be zero in the Clock 
   Uncertainty calculation.  Please make appropriate modification to 
   SYSTEM_JITTER to account for the unsupported Discrete Jitter and Phase 
   Error.



Data Sheet report:
-----------------
All values displayed in nanoseconds (ns)

Pad to Pad
---------------+---------------+---------+
Source Pad     |Destination Pad|  Delay  |
---------------+---------------+---------+
A<0>           |F<0>           |   10.814|
A<0>           |F<1>           |   10.636|
A<0>           |F<2>           |   11.574|
A<0>           |Y<0>           |    7.898|
A<0>           |Y<1>           |    9.529|
A<0>           |Y<2>           |   10.390|
A<0>           |Y<3>           |   10.387|
A<1>           |F<0>           |    9.229|
A<1>           |F<1>           |    9.051|
A<1>           |F<2>           |    9.640|
A<1>           |Y<1>           |    8.758|
A<1>           |Y<2>           |    8.772|
A<1>           |Y<3>           |    8.757|
A<2>           |F<0>           |    9.911|
A<2>           |F<1>           |    9.733|
A<2>           |F<2>           |   10.331|
A<2>           |Y<2>           |    9.263|
A<2>           |Y<3>           |    9.448|
A<3>           |F<0>           |    9.988|
A<3>           |F<1>           |    9.810|
A<3>           |F<2>           |   10.719|
A<3>           |Y<3>           |    9.562|
---------------+---------------+---------+


Analysis completed Tue Nov  8 17:53:19 2022 
--------------------------------------------------------------------------------

Trace Settings:
-------------------------
Trace Settings 

Peak Memory Usage: 376 MB



