#-----------------------------------------------------------
# PlanAhead v14.7 (64-bit)
# Build 321239 by xbuild on Fri Sep 27 19:24:36 MDT 2013
# Start of session at: Tue Nov  8 16:51:14 2022
# Process ID: 4722
# Log file: /home/sd/Downloads/ula/planAhead_run_2/planAhead.log
# Journal file: /home/sd/Downloads/ula/planAhead_run_2/planAhead.jou
#-----------------------------------------------------------
INFO: [Common 17-78] Attempting to get a license: PlanAhead
INFO: [Common 17-290] Got license for PlanAhead
INFO: [Common 17-86] Your PlanAhead license expires in -1227 day(s)
INFO: [Device 21-36] Loading parts and site information from /opt/Xilinx/14.7/ISE_DS/PlanAhead/data/parts/arch.xml
Parsing RTL primitives file [/opt/Xilinx/14.7/ISE_DS/PlanAhead/data/parts/xilinx/rtl/prims/rtl_prims.xml]
Finished parsing RTL primitives file [/opt/Xilinx/14.7/ISE_DS/PlanAhead/data/parts/xilinx/rtl/prims/rtl_prims.xml]
start_gui
source /home/sd/Downloads/ula/pa.fromHdl.tcl
# create_project -name ula -dir "/home/sd/Downloads/ula/planAhead_run_2" -part xc7a100tcsg324-3
create_project: Time (s): cpu = 00:00:04 ; elapsed = 00:00:06 . Memory (MB): peak = 2649.809 ; gain = 25.141
# set_param project.pinAheadLayout yes
# set srcset [get_property srcset [current_run -impl]]
# set_property target_constrs_file "ula.ucf" [current_fileset -constrset]
Adding file '/home/sd/Downloads/ula/ula.ucf' to fileset 'constrs_1'
# set hdlfile [add_files [list {antecipador.vhd}]]
# set_property file_type VHDL $hdlfile
# set_property library work $hdlfile
# set hdlfile [add_files [list {somador.vhd}]]
# set_property file_type VHDL $hdlfile
# set_property library work $hdlfile
# set hdlfile [add_files [list {inversor.vhd}]]
# set_property file_type VHDL $hdlfile
# set_property library work $hdlfile
# set hdlfile [add_files [list {subtrator.vhd}]]
# set_property file_type VHDL $hdlfile
# set_property library work $hdlfile
# set hdlfile [add_files [list {rbs.vhd}]]
# set_property file_type VHDL $hdlfile
# set_property library work $hdlfile
# set hdlfile [add_files [list {lbs.vhd}]]
# set_property file_type VHDL $hdlfile
# set_property library work $hdlfile
# set hdlfile [add_files [list {incremento.vhd}]]
# set_property file_type VHDL $hdlfile
# set_property library work $hdlfile
# set hdlfile [add_files [list {ula.vhd}]]
# set_property file_type VHDL $hdlfile
# set_property library work $hdlfile
# set_property top ula $srcset
# add_files [list {ula.ucf}] -fileset [get_property constrset [current_run]]
# open_rtl_design -part xc7a100tcsg324-3
Using Verific elaboration
Parsing VHDL file "/opt/Xilinx/14.7/ISE_DS/PlanAhead/data/parts/xilinx/rtl/lib/synplify/synattr.vhd" into library synplify
Parsing VHDL file "/opt/Xilinx/14.7/ISE_DS/PlanAhead/data/parts/xilinx/rtl/lib/synplify/synattr.vhd" into library synplify
Parsing VHDL file "/home/sd/Downloads/ula/antecipador.vhd" into library work
Parsing VHDL file "/home/sd/Downloads/ula/somador.vhd" into library work
Parsing VHDL file "/home/sd/Downloads/ula/inversor.vhd" into library work
Parsing VHDL file "/home/sd/Downloads/ula/subtrator.vhd" into library work
Parsing VHDL file "/home/sd/Downloads/ula/rbs.vhd" into library work
Parsing VHDL file "/home/sd/Downloads/ula/lbs.vhd" into library work
Parsing VHDL file "/home/sd/Downloads/ula/incremento.vhd" into library work
Parsing VHDL file "/home/sd/Downloads/ula/ula.vhd" into library work
Loading clock regions from /opt/Xilinx/14.7/ISE_DS/PlanAhead/data/parts/xilinx/artix7/artix7/xc7a100t/ClockRegion.xml
Loading clock buffers from /opt/Xilinx/14.7/ISE_DS/PlanAhead/data/parts/xilinx/artix7/artix7/xc7a100t/ClockBuffers.xml
Loading clock placement rules from /opt/Xilinx/14.7/ISE_DS/PlanAhead/data/parts/xilinx/artix7/ClockPlacerRules.xml
Loading package pin functions from /opt/Xilinx/14.7/ISE_DS/PlanAhead/data/parts/xilinx/artix7/PinFunctions.xml...
Loading package from /opt/Xilinx/14.7/ISE_DS/PlanAhead/data/parts/xilinx/artix7/artix7/xc7a100t/csg324/Package.xml
Loading io standards from /opt/Xilinx/14.7/ISE_DS/PlanAhead/data/./parts/xilinx/artix7/IOStandards.xml
Loading device configuration modes from /opt/Xilinx/14.7/ISE_DS/PlanAhead/data/parts/xilinx/artix7/ConfigModes.xml
Loading list of drcs for the architecture : /opt/Xilinx/14.7/ISE_DS/PlanAhead/data/./parts/xilinx/artix7/drc.xml
Parsing UCF File [/home/sd/Downloads/ula/ula.ucf]
Finished Parsing UCF File [/home/sd/Downloads/ula/ula.ucf]
INFO: [Project 1-111] Unisim Transformation Summary:
No Unisim elements were transformed.

Phase 0 | Netlist Checksum: 448d40b7
open_rtl_design: Time (s): cpu = 00:01:13 ; elapsed = 00:01:59 . Memory (MB): peak = 2940.086 ; gain = 284.270
update_compile_order -fileset sim_1
refresh_design
Using Verific elaboration
Parsing VHDL file "/opt/Xilinx/14.7/ISE_DS/PlanAhead/data/parts/xilinx/rtl/lib/synplify/synattr.vhd" into library synplify
Parsing VHDL file "/opt/Xilinx/14.7/ISE_DS/PlanAhead/data/parts/xilinx/rtl/lib/synplify/synattr.vhd" into library synplify
Parsing VHDL file "/home/sd/Downloads/ula/antecipador.vhd" into library work
Parsing VHDL file "/home/sd/Downloads/ula/somador.vhd" into library work
Parsing VHDL file "/home/sd/Downloads/ula/inversor.vhd" into library work
Parsing VHDL file "/home/sd/Downloads/ula/subtrator.vhd" into library work
Parsing VHDL file "/home/sd/Downloads/ula/rbs.vhd" into library work
Parsing VHDL file "/home/sd/Downloads/ula/lbs.vhd" into library work
Parsing VHDL file "/home/sd/Downloads/ula/incremento.vhd" into library work
Parsing VHDL file "/home/sd/Downloads/ula/ula.vhd" into library work
Parsing UCF File [/home/sd/Downloads/ula/ula.ucf]
Finished Parsing UCF File [/home/sd/Downloads/ula/ula.ucf]
refresh_design: Time (s): cpu = 00:00:14 ; elapsed = 00:00:13 . Memory (MB): peak = 2952.258 ; gain = 0.125
startgroup
set_property package_pin T9 [get_ports {A[0]}]
endgroup
startgroup
set_property package_pin T9 [get_ports {A[0]}]
endgroup
set_property prohibit 1 [get_sites U8]
set_property prohibit 0 [get_sites U8]
startgroup
set_property package_pin U8 [get_ports {A[1]}]
endgroup
set_property package_pin "" [get_ports [list  {A[2]}]]
set_property package_pin "" [get_ports [list  {A[3]}]]
set_property package_pin "" [get_ports [list  {A[2]}]]
set_property package_pin "" [get_ports [list  {A[3]}]]
exit
ERROR: [#UNDEF] *** Exception: ui.h.b: Found deleted key in HTclEventBroker. Verify if the classes listed here call cleanup()
HTclEvent: DEBUG_CORE_CONFIG_CHANGE   Classes: ui.views.aR 
HTclEvent: SIGNAL_MODIFY   Classes: ui.views.aR 
HTclEvent: SIGNAL_BUS_MODIFY   Classes: ui.views.aR 
HTclEvent: DEBUG_PORT_CONFIG_CHANGE   Classes: ui.views.aR 
 (See /home/sd/Downloads/ula/planAhead_pid4722.debug)
ERROR: [Common 17-39] 'stop_gui' failed due to earlier errors.
INFO: [Common 17-206] Exiting PlanAhead at Tue Nov  8 17:05:46 2022...
INFO: [Common 17-83] Releasing license: PlanAhead
